{"/Users/mac/GIT/MasterClass/image-processor/src/index.ts": {"path":"/Users/mac/GIT/MasterClass/image-processor/src/index.ts","statementMap":{"0":{"start":{"line":1,"column":0},"end":{"line":1,"column":46}},"1":{"start":{"line":2,"column":0},"end":{"line":2,"column":27}},"2":{"start":{"line":3,"column":0},"end":{"line":3,"column":29}},"3":{"start":{"line":4,"column":0},"end":{"line":4,"column":32}},"4":{"start":{"line":6,"column":25},"end":{"line":6,"column":34}},"5":{"start":{"line":7,"column":13},"end":{"line":7,"column":17}},"6":{"start":{"line":9,"column":0},"end":{"line":9,"column":null}},"7":{"start":{"line":11,"column":0},"end":{"line":11,"column":null}},"8":{"start":{"line":12,"column":0},"end":{"line":12,"column":null}},"9":{"start":{"line":14,"column":0},"end":{"line":14,"column":null}},"10":{"start":{"line":14,"column":23},"end":{"line":14,"column":81}},"11":{"start":{"line":16,"column":0},"end":{"line":16,"column":null}}},"fnMap":{"0":{"name":"(anonymous_7)","decl":{"start":{"line":14,"column":17},"end":{"line":14,"column":20}},"loc":{"start":{"line":14,"column":23},"end":{"line":14,"column":81}}}},"branchMap":{},"s":{"0":1,"1":1,"2":1,"3":1,"4":1,"5":1,"6":1,"7":1,"8":1,"9":1,"10":1,"11":1},"f":{"0":1},"b":{}}
,"/Users/mac/GIT/MasterClass/image-processor/src/controllers/index.ts": {"path":"/Users/mac/GIT/MasterClass/image-processor/src/controllers/index.ts","statementMap":{"0":{"start":{"line":2,"column":0},"end":{"line":2,"column":25}},"1":{"start":{"line":3,"column":0},"end":{"line":3,"column":23}},"2":{"start":{"line":4,"column":0},"end":{"line":4,"column":19}},"3":{"start":{"line":9,"column":17},"end":{"line":9,"column":41}},"4":{"start":{"line":11,"column":4},"end":{"line":38,"column":null}},"5":{"start":{"line":12,"column":22},"end":{"line":12,"column":42}},"6":{"start":{"line":13,"column":29},"end":{"line":13,"column":31}},"7":{"start":{"line":15,"column":6},"end":{"line":26,"column":null}},"8":{"start":{"line":17,"column":8},"end":{"line":19,"column":null}},"9":{"start":{"line":18,"column":10},"end":{"line":18,"column":null}},"10":{"start":{"line":18,"column":49},"end":{"line":18,"column":78}},"11":{"start":{"line":21,"column":8},"end":{"line":21,"column":null}},"12":{"start":{"line":23,"column":8},"end":{"line":25,"column":null}},"13":{"start":{"line":24,"column":10},"end":{"line":24,"column":null}},"14":{"start":{"line":28,"column":6},"end":{"line":37,"column":null}},"15":{"start":{"line":29,"column":23},"end":{"line":29,"column":55}},"16":{"start":{"line":30,"column":8},"end":{"line":34,"column":null}},"17":{"start":{"line":31,"column":10},"end":{"line":31,"column":null}},"18":{"start":{"line":33,"column":10},"end":{"line":33,"column":null}},"19":{"start":{"line":36,"column":8},"end":{"line":36,"column":null}},"20":{"start":{"line":42,"column":17},"end":{"line":42,"column":41}},"21":{"start":{"line":43,"column":18},"end":{"line":43,"column":53}},"22":{"start":{"line":44,"column":19},"end":{"line":44,"column":55}},"23":{"start":{"line":46,"column":19},"end":{"line":46,"column":51}},"24":{"start":{"line":47,"column":20},"end":{"line":47,"column":79}},"25":{"start":{"line":49,"column":4},"end":{"line":74,"column":null}},"26":{"start":{"line":50,"column":6},"end":{"line":50,"column":null}},"27":{"start":{"line":52,"column":6},"end":{"line":73,"column":null}},"28":{"start":{"line":53,"column":8},"end":{"line":70,"column":null}},"29":{"start":{"line":54,"column":10},"end":{"line":67,"column":null}},"30":{"start":{"line":55,"column":12},"end":{"line":63,"column":null}},"31":{"start":{"line":56,"column":12},"end":{"line":61,"column":null}},"32":{"start":{"line":60,"column":16},"end":{"line":60,"column":null}},"33":{"start":{"line":62,"column":12},"end":{"line":62,"column":null}},"34":{"start":{"line":65,"column":12},"end":{"line":65,"column":null}},"35":{"start":{"line":66,"column":12},"end":{"line":66,"column":null}},"36":{"start":{"line":69,"column":10},"end":{"line":69,"column":null}},"37":{"start":{"line":72,"column":8},"end":{"line":72,"column":null}},"38":{"start":{"line":78,"column":17},"end":{"line":78,"column":41}},"39":{"start":{"line":80,"column":19},"end":{"line":80,"column":51}},"40":{"start":{"line":81,"column":20},"end":{"line":81,"column":63}},"41":{"start":{"line":83,"column":4},"end":{"line":108,"column":null}},"42":{"start":{"line":84,"column":6},"end":{"line":84,"column":null}},"43":{"start":{"line":86,"column":6},"end":{"line":107,"column":null}},"44":{"start":{"line":87,"column":8},"end":{"line":104,"column":null}},"45":{"start":{"line":88,"column":10},"end":{"line":101,"column":null}},"46":{"start":{"line":89,"column":12},"end":{"line":97,"column":null}},"47":{"start":{"line":90,"column":12},"end":{"line":95,"column":null}},"48":{"start":{"line":94,"column":16},"end":{"line":94,"column":null}},"49":{"start":{"line":96,"column":12},"end":{"line":96,"column":null}},"50":{"start":{"line":99,"column":12},"end":{"line":99,"column":null}},"51":{"start":{"line":100,"column":12},"end":{"line":100,"column":null}},"52":{"start":{"line":103,"column":10},"end":{"line":103,"column":null}},"53":{"start":{"line":106,"column":8},"end":{"line":106,"column":null}},"54":{"start":{"line":6,"column":0},"end":{"line":6,"column":13}},"55":{"start":{"line":113,"column":0},"end":{"line":113,"column":null}}},"fnMap":{"0":{"name":"(anonymous_8)","decl":{"start":{"line":8,"column":8},"end":{"line":8,"column":18}},"loc":{"start":{"line":8,"column":46},"end":{"line":39,"column":null}}},"1":{"name":"(anonymous_10)","decl":{"start":{"line":15,"column":26},"end":{"line":15,"column":27}},"loc":{"start":{"line":15,"column":41},"end":{"line":26,"column":7}}},"2":{"name":"(anonymous_11)","decl":{"start":{"line":17,"column":22},"end":{"line":17,"column":29}},"loc":{"start":{"line":17,"column":32},"end":{"line":19,"column":9}}},"3":{"name":"(anonymous_12)","decl":{"start":{"line":41,"column":8},"end":{"line":41,"column":19}},"loc":{"start":{"line":41,"column":47},"end":{"line":75,"column":null}}},"4":{"name":"(anonymous_14)","decl":{"start":{"line":55,"column":32},"end":{"line":55,"column":33}},"loc":{"start":{"line":55,"column":46},"end":{"line":63,"column":13}}},"5":{"name":"(anonymous_15)","decl":{"start":{"line":59,"column":20},"end":{"line":59,"column":23}},"loc":{"start":{"line":59,"column":25},"end":{"line":61,"column":15}}},"6":{"name":"(anonymous_16)","decl":{"start":{"line":77,"column":8},"end":{"line":77,"column":22}},"loc":{"start":{"line":77,"column":50},"end":{"line":109,"column":null}}},"7":{"name":"(anonymous_18)","decl":{"start":{"line":89,"column":32},"end":{"line":89,"column":33}},"loc":{"start":{"line":89,"column":46},"end":{"line":97,"column":13}}},"8":{"name":"(anonymous_19)","decl":{"start":{"line":93,"column":20},"end":{"line":93,"column":23}},"loc":{"start":{"line":93,"column":25},"end":{"line":95,"column":15}}}},"branchMap":{"0":{"loc":{"start":{"line":11,"column":4},"end":{"line":38,"column":null}},"type":"if","locations":[{"start":{"line":11,"column":4},"end":{"line":38,"column":null}},{"start":{"line":27,"column":11},"end":{"line":38,"column":null}}]},"1":{"loc":{"start":{"line":18,"column":10},"end":{"line":18,"column":null}},"type":"if","locations":[{"start":{"line":18,"column":10},"end":{"line":18,"column":null}}]},"2":{"loc":{"start":{"line":23,"column":8},"end":{"line":25,"column":null}},"type":"if","locations":[{"start":{"line":23,"column":8},"end":{"line":25,"column":null}}]},"3":{"loc":{"start":{"line":30,"column":8},"end":{"line":34,"column":null}},"type":"if","locations":[{"start":{"line":30,"column":8},"end":{"line":34,"column":null}},{"start":{"line":32,"column":15},"end":{"line":34,"column":null}}]},"4":{"loc":{"start":{"line":49,"column":4},"end":{"line":74,"column":null}},"type":"if","locations":[{"start":{"line":49,"column":4},"end":{"line":74,"column":null}},{"start":{"line":51,"column":11},"end":{"line":74,"column":null}}]},"5":{"loc":{"start":{"line":49,"column":8},"end":{"line":49,"column":34}},"type":"binary-expr","locations":[{"start":{"line":49,"column":8},"end":{"line":49,"column":13}},{"start":{"line":49,"column":17},"end":{"line":49,"column":23}},{"start":{"line":49,"column":27},"end":{"line":49,"column":34}}]},"6":{"loc":{"start":{"line":53,"column":8},"end":{"line":70,"column":null}},"type":"if","locations":[{"start":{"line":53,"column":8},"end":{"line":70,"column":null}},{"start":{"line":68,"column":15},"end":{"line":70,"column":null}}]},"7":{"loc":{"start":{"line":54,"column":10},"end":{"line":67,"column":null}},"type":"if","locations":[{"start":{"line":54,"column":10},"end":{"line":67,"column":null}},{"start":{"line":64,"column":17},"end":{"line":67,"column":null}}]},"8":{"loc":{"start":{"line":83,"column":4},"end":{"line":108,"column":null}},"type":"if","locations":[{"start":{"line":83,"column":4},"end":{"line":108,"column":null}},{"start":{"line":85,"column":11},"end":{"line":108,"column":null}}]},"9":{"loc":{"start":{"line":87,"column":8},"end":{"line":104,"column":null}},"type":"if","locations":[{"start":{"line":87,"column":8},"end":{"line":104,"column":null}},{"start":{"line":102,"column":15},"end":{"line":104,"column":null}}]},"10":{"loc":{"start":{"line":88,"column":10},"end":{"line":101,"column":null}},"type":"if","locations":[{"start":{"line":88,"column":10},"end":{"line":101,"column":null}},{"start":{"line":98,"column":17},"end":{"line":101,"column":null}}]}},"s":{"0":1,"1":1,"2":1,"3":4,"4":4,"5":1,"6":1,"7":1,"8":1,"9":7,"10":5,"11":1,"12":1,"13":0,"14":3,"15":3,"16":3,"17":2,"18":1,"19":0,"20":3,"21":3,"22":3,"23":3,"24":3,"25":3,"26":1,"27":2,"28":2,"29":2,"30":0,"31":0,"32":0,"33":0,"34":2,"35":2,"36":0,"37":0,"38":2,"39":2,"40":2,"41":2,"42":0,"43":2,"44":2,"45":2,"46":0,"47":0,"48":0,"49":0,"50":2,"51":2,"52":0,"53":0,"54":1,"55":1},"f":{"0":4,"1":1,"2":7,"3":3,"4":0,"5":0,"6":2,"7":0,"8":0},"b":{"0":[1,3],"1":[5],"2":[0],"3":[2,1],"4":[1,2],"5":[3,2,2],"6":[2,0],"7":[0,2],"8":[0,2],"9":[2,0],"10":[0,2]}}
,"/Users/mac/GIT/MasterClass/image-processor/src/routes/index.ts": {"path":"/Users/mac/GIT/MasterClass/image-processor/src/routes/index.ts","statementMap":{"0":{"start":{"line":1,"column":0},"end":{"line":1,"column":52}},"1":{"start":{"line":2,"column":0},"end":{"line":2,"column":43}},"2":{"start":{"line":4,"column":15},"end":{"line":4,"column":31}},"3":{"start":{"line":6,"column":0},"end":{"line":16,"column":null}},"4":{"start":{"line":7,"column":16},"end":{"line":7,"column":83}},"5":{"start":{"line":8,"column":4},"end":{"line":8,"column":null}},"6":{"start":{"line":9,"column":4},"end":{"line":9,"column":null}},"7":{"start":{"line":10,"column":4},"end":{"line":10,"column":null}},"8":{"start":{"line":11,"column":4},"end":{"line":11,"column":null}},"9":{"start":{"line":12,"column":4},"end":{"line":12,"column":null}},"10":{"start":{"line":13,"column":4},"end":{"line":15,"column":null}},"11":{"start":{"line":18,"column":0},"end":{"line":18,"column":null}},"12":{"start":{"line":20,"column":0},"end":{"line":20,"column":null}},"13":{"start":{"line":22,"column":0},"end":{"line":22,"column":null}},"14":{"start":{"line":24,"column":0},"end":{"line":24,"column":null}}},"fnMap":{"0":{"name":"(anonymous_1)","decl":{"start":{"line":6,"column":16},"end":{"line":6,"column":17}},"loc":{"start":{"line":6,"column":29},"end":{"line":16,"column":1}}}},"branchMap":{},"s":{"0":1,"1":1,"2":1,"3":1,"4":1,"5":1,"6":1,"7":1,"8":1,"9":1,"10":1,"11":1,"12":1,"13":1,"14":1},"f":{"0":1},"b":{}}
}
