TN:
SF:src/index.ts
FN:14,(anonymous_7)
FNF:1
FNH:1
FNDA:1,(anonymous_7)
DA:1,1
DA:2,1
DA:3,1
DA:4,1
DA:6,1
DA:7,1
DA:9,1
DA:11,1
DA:12,1
DA:14,1
DA:16,1
LF:11
LH:11
BRF:0
BRH:0
end_of_record
TN:
SF:src/controllers/index.ts
FN:8,(anonymous_8)
FN:15,(anonymous_10)
FN:17,(anonymous_11)
FN:41,(anonymous_12)
FN:55,(anonymous_14)
FN:59,(anonymous_15)
FN:77,(anonymous_16)
FN:89,(anonymous_18)
FN:93,(anonymous_19)
FNF:9
FNH:5
FNDA:4,(anonymous_8)
FNDA:1,(anonymous_10)
FNDA:7,(anonymous_11)
FNDA:3,(anonymous_12)
FNDA:0,(anonymous_14)
FNDA:0,(anonymous_15)
FNDA:2,(anonymous_16)
FNDA:0,(anonymous_18)
FNDA:0,(anonymous_19)
DA:2,1
DA:3,1
DA:4,1
DA:6,1
DA:9,4
DA:11,4
DA:12,1
DA:13,1
DA:15,1
DA:17,1
DA:18,7
DA:21,1
DA:23,1
DA:24,0
DA:28,3
DA:29,3
DA:30,3
DA:31,2
DA:33,1
DA:36,0
DA:42,3
DA:43,3
DA:44,3
DA:46,3
DA:47,3
DA:49,3
DA:50,1
DA:52,2
DA:53,2
DA:54,2
DA:55,0
DA:56,0
DA:60,0
DA:62,0
DA:65,2
DA:66,2
DA:69,0
DA:72,0
DA:78,2
DA:80,2
DA:81,2
DA:83,2
DA:84,0
DA:86,2
DA:87,2
DA:88,2
DA:89,0
DA:90,0
DA:94,0
DA:96,0
DA:99,2
DA:100,2
DA:103,0
DA:106,0
DA:113,1
LF:55
LH:40
BRDA:11,0,0,1
BRDA:11,0,1,3
BRDA:18,1,0,5
BRDA:23,2,0,0
BRDA:30,3,0,2
BRDA:30,3,1,1
BRDA:49,4,0,1
BRDA:49,4,1,2
BRDA:49,5,0,3
BRDA:49,5,1,2
BRDA:49,5,2,2
BRDA:53,6,0,2
BRDA:53,6,1,0
BRDA:54,7,0,0
BRDA:54,7,1,2
BRDA:83,8,0,0
BRDA:83,8,1,2
BRDA:87,9,0,2
BRDA:87,9,1,0
BRDA:88,10,0,0
BRDA:88,10,1,2
BRF:21
BRH:15
end_of_record
TN:
SF:src/routes/index.ts
FN:6,(anonymous_1)
FNF:1
FNH:1
FNDA:1,(anonymous_1)
DA:1,1
DA:2,1
DA:4,1
DA:6,1
DA:7,1
DA:8,1
DA:9,1
DA:10,1
DA:11,1
DA:12,1
DA:13,1
DA:18,1
DA:20,1
DA:22,1
DA:24,1
LF:15
LH:15
BRF:0
BRH:0
end_of_record
